{"contracts/access/Operatable.sol":{"l":{"11":60,"15":20,"16":17,"23":1,"24":1},"path":"/Users/alex/dev/klondike-protocol-v2/contracts/access/Operatable.sol","s":{"1":60,"2":20,"3":1,"4":1},"b":{"1":[17,3]},"f":{"1":60,"2":20,"3":1},"fnMap":{"1":{"name":"constructor","line":10,"loc":{"start":{"line":10,"column":4},"end":{"line":12,"column":4}}},"2":{"name":"onlyOperator","line":14,"loc":{"start":{"line":14,"column":4},"end":{"line":17,"column":4}}},"3":{"name":"transferOperator","line":22,"loc":{"start":{"line":22,"column":4},"end":{"line":25,"column":4}}}},"statementMap":{"1":{"start":{"line":11,"column":8},"end":{"line":11,"column":28}},"2":{"start":{"line":15,"column":8},"end":{"line":15,"column":76}},"3":{"start":{"line":23,"column":8},"end":{"line":23,"column":55}},"4":{"start":{"line":24,"column":8},"end":{"line":24,"column":29}}},"branchMap":{"1":{"line":15,"type":"if","locations":[{"start":{"line":15,"column":8},"end":{"line":15,"column":8}},{"start":{"line":15,"column":8},"end":{"line":15,"column":8}}]}}},"contracts/access/Ownable.sol":{"l":{},"path":"/Users/alex/dev/klondike-protocol-v2/contracts/access/Ownable.sol","s":{},"b":{},"f":{},"fnMap":{},"statementMap":{},"branchMap":{}},"contracts/StableTokenPool.sol":{"l":{"31":6,"32":6,"37":1},"path":"/Users/alex/dev/klondike-protocol-v2/contracts/StableTokenPool.sol","s":{"1":6,"2":6,"3":1},"b":{},"f":{"1":6,"2":1},"fnMap":{"1":{"name":"constructor","line":29,"loc":{"start":{"line":16,"column":4},"end":{"line":33,"column":4}}},"2":{"name":"setRewardsDuration","line":36,"loc":{"start":{"line":36,"column":4},"end":{"line":38,"column":4}}}},"statementMap":{"1":{"start":{"line":31,"column":8},"end":{"line":31,"column":19}},"2":{"start":{"line":32,"column":8},"end":{"line":32,"column":41}},"3":{"start":{"line":37,"column":8},"end":{"line":37,"column":25}}},"branchMap":{}},"contracts/SyntheticToken.sol":{"l":{"18":60,"29":13,"33":2,"41":2},"path":"/Users/alex/dev/klondike-protocol-v2/contracts/SyntheticToken.sol","s":{"1":60,"2":13,"3":2,"4":2},"b":{},"f":{"1":60,"2":13,"3":2,"4":2},"fnMap":{"1":{"name":"constructor","line":17,"loc":{"start":{"line":13,"column":4},"end":{"line":19,"column":4}}},"2":{"name":"mint","line":26,"loc":{"start":{"line":24,"column":4},"end":{"line":30,"column":4}}},"3":{"name":"burn","line":32,"loc":{"start":{"line":32,"column":4},"end":{"line":34,"column":4}}},"4":{"name":"burnFrom","line":39,"loc":{"start":{"line":36,"column":4},"end":{"line":42,"column":4}}}},"statementMap":{"1":{"start":{"line":18,"column":8},"end":{"line":18,"column":32}},"2":{"start":{"line":29,"column":8},"end":{"line":29,"column":31}},"3":{"start":{"line":33,"column":8},"end":{"line":33,"column":25}},"4":{"start":{"line":41,"column":8},"end":{"line":41,"column":38}}},"branchMap":{}}}