{"contracts/StableTokenPool.sol":{"l":{"31":6,"32":6,"37":1},"path":"/Users/alex/dev/klondike-protocol-v2/contracts/StableTokenPool.sol","s":{"1":6,"2":6,"3":1},"b":{},"f":{"1":6,"2":1},"fnMap":{"1":{"name":"constructor","line":29,"loc":{"start":{"line":16,"column":4},"end":{"line":33,"column":4}}},"2":{"name":"setRewardsDuration","line":36,"loc":{"start":{"line":36,"column":4},"end":{"line":38,"column":4}}}},"statementMap":{"1":{"start":{"line":31,"column":8},"end":{"line":31,"column":19}},"2":{"start":{"line":32,"column":8},"end":{"line":32,"column":41}},"3":{"start":{"line":37,"column":8},"end":{"line":37,"column":25}}},"branchMap":{}}}